--e9008704--2021-06-29--Devin Liu
1	1	walter-client/packages/ai-director/src/pages/ConversationView/MessageArea/View.tsx

--c4341687--2021-06-29--Devin Liu
3	1	walter-client/packages/ai-director/src/components/AudioPlayer/MessageTextWithHighlight.tsx
8	3	walter-client/packages/ai-director/src/components/ChatSearchExampleListener/context.tsx
4	27	walter-client/packages/ai-director/src/components/HighlightedMessageNavigator/HighlightNavigatorView.tsx
14	16	walter-client/packages/ai-director/src/components/HighlightedMessageNavigator/HighlightedMessageNavigator.tsx
1	1	walter-client/packages/ai-director/src/pages/ConversationView/MessageArea/View.tsx

--b4895e91--2021-06-29--Devin Liu
2	6	walter-client/packages/ai-director/src/components/AudioPlayer/AudioMessage.tsx
20	7	walter-client/packages/ai-director/src/components/AudioPlayer/AudioMessageText.tsx
1	1	walter-client/packages/ai-director/src/components/AudioPlayer/AudioTranscript.tsx

--ada8fedb--2021-06-28--Devin Liu
5	3	walter-client/packages/ai-director/src/components/AudioPlayer/AudioMessageText.tsx

--267a6302--2021-06-28--Devin Liu
0	2	walter-client/packages/ai-director/src/components/AudioPlayer/AudioMessage.tsx
1	12	walter-client/packages/ai-director/src/components/AudioPlayer/AudioMessageText.tsx
4	5	walter-client/packages/ai-director/src/components/AudioPlayer/MessageTextWithHighlight.tsx

--809c9564--2021-06-28--Devin Liu
2	5	walter-client/packages/ai-director/src/components/AudioPlayer/AudioMessage.tsx
24	6	walter-client/packages/ai-director/src/components/AudioPlayer/AudioMessageText.tsx
35	0	walter-client/packages/ai-director/src/components/AudioPlayer/MessageTextWithHighlight.tsx
4	4	walter-client/packages/ai-director/src/components/ChatSearchMatchBadge/index.tsx

--9f4b8d11--2021-06-28--Devin Liu
6	1	walter-client/packages/ai-director/src/components/AudioPlayer/AudioMessage.tsx
2	3	walter-client/packages/ai-director/src/components/AudioPlayer/AudioMessageText.tsx
3	0	walter-client/packages/ai-director/src/components/IntentDrawer/DrawerContent.tsx

--2e8a8c59--2021-06-28--Devin Liu
0	2	walter-client/packages/ai-director/src/pages/ClosedConversationDetails/ChatList/Container.tsx

--7e5578d9--2021-06-28--Devin Liu
11	3	walter-client/packages/ai-director/src/pages/ClosedConversationDetails/ChatList/Container.tsx

--bf339566--2021-06-28--Devin Liu
15	1	walter-client/packages/ai-director/src/pages/ClosedConversationDetails/ChatList/Container.tsx

--10aca042--2021-06-29--Ken Oetzel
1	1	windows/electron_app/package-template.json

--256ee373--2021-06-29--liquidair
13	4	windows/AudiograbTest/AudiograbTest.cpp
52	26	windows/audiograb/audiograb_channel.cpp
9	3	windows/audiograb/audiograb_channel.h
45	4	windows/audiograb/audiograb_grabber.cpp
10	1	windows/audiograb/audiograb_grabber.h
3951	3973	windows/audiograb/external/miniaudio.h

--f035cbd9--2021-06-28--Andrew Li
2	2	models/actions/intents_server.py

--1f252474--2021-06-28--Andrew Li
0	10	walter-server/walter_tornado/database.py

--b6e0cbc2--2021-06-27--Andrew Li
1	1	models/actions/intents_server.py

--65930d8d--2021-06-27--Andrew Li
8	0	walter-server/bin/delete-call.py
171	0	walter-server/bin/transcribe-mono-audio.py
41	3	walter-server/bin/utils/google_transcribe.py

--ad23f265--2021-06-27--Andrew Li
10	5	models/actions/intents_server.py

--01c9a715--2021-06-24--Devin Liu
1	22	walter-client/src/components/Chat/AgentUX.tsx

--8890f4da--2021-06-24--liquidair
2	0	integrations/event-broker/event_broker/api_constants.py
24	4	integrations/event-broker/event_broker/connectors/event_broker.py
34	3	integrations/event-broker/tests/test_event_broker_api.py

--c37b7047--2021-06-22--Devin Liu
1	0	walter-client/packages/ai-director/src/pages/VisualCallFlowEditor/CallFlowsState.tsx
25	4	walter-client/packages/ai-director/src/pages/VisualCallFlowEditor/GoLiveButton.tsx
2	0	walter-client/packages/ai-director/src/pages/VisualCallFlowEditor/VisualCallFlowEditor.tsx
6	3	walter-client/packages/ai-director/src/pages/VisualCallFlowEditor/publish-callflow-mutation.gql.ts

--c699ca67--2021-06-22--Devin Liu
31	3	walter-client/packages/ai-director/src/pages/VisualCallFlowEditor/GoLiveButton.tsx
2	0	walter-client/packages/ai-director/src/pages/VisualCallFlowEditor/call-flow-query.gql.ts
2	1	walter-client/packages/ai-director/src/pages/VisualCallFlowEditor/publish-callflow-mutation.gql.ts

--4aa98674--2021-06-22--Devin Liu
1	1	walter-client/packages/ai-director/src/pages/VisualCallFlowEditor/CallFlowsState.tsx
13	0	walter-client/packages/ai-director/src/pages/VisualCallFlowEditor/GoLiveButton.tsx
1	1	walter-client/packages/ai-director/src/pages/VisualCallFlowEditor/PreviewPage.tsx
1	1	walter-client/packages/ai-director/src/pages/VisualCallFlowEditor/PreviousCallflowParser.tsx
0	393	walter-client/packages/ai-director/src/pages/VisualCallFlowEditor/PublishButton.tsx
1	1	walter-client/packages/ai-director/src/pages/VisualCallFlowEditor/RouteWhitelist.tsx
387	0	walter-client/packages/ai-director/src/pages/VisualCallFlowEditor/SaveButton.tsx
6	0	walter-client/packages/ai-director/src/pages/VisualCallFlowEditor/StringUtil.ts
2	2	walter-client/packages/ai-director/src/pages/VisualCallFlowEditor/VisualCallFlowEditor.tsx
24	0	walter-client/packages/ai-director/src/pages/VisualCallFlowEditor/publish-callflow-mutation.gql.ts

--5c0f9a77--2021-06-24--Andrew Li
4	2	walter-server/bin/utils/users.py

--f765a743--2021-06-24--Andrew Li
15	12	walter-server/bin/download-homepoint-calls.py

--25b29b24--2021-06-24--Andrew Li
4	0	cronjobs/AgentProgression/src/populateShouldDoBehavior.ts
37	39	cronjobs/AgentProgression/src/uploadSDXForCreditPros.ts
1	1	cronjobs/AgentProgression/src/utils.ts

--de899f4e--2021-06-21--Devin Liu
0	1	walter-client/src/components/Chat/Callflow/Callflow.tsx

--a9ed8bc6--2021-06-21--Devin Liu
27	8	walter-client/src/components/Chat/Callflow/Callflow.tsx
9	6	walter-client/src/pages/CallflowEditorPage/call-flow-query.gql.tsx

--7355a479--2021-06-18--Devin Liu
1	0	walter-client/src/components/Chat/Callflow/StageRenderer.tsx

--2fb27dd1--2021-06-15--Devin Liu
4	4	walter-client/src/components/Chat/Callflow/Callflow.tsx
2	2	walter-client/src/components/UserSettings/Provider.tsx
1	3	walter-client/src/pages/CallflowEditorPage/call-flow-query.gql.tsx

--f9549133--2021-06-15--Devin Liu
97	71	walter-client/src/components/Chat/Callflow/Callflow.tsx
1	0	walter-client/src/components/UserSettings/Provider.tsx
2	0	walter-client/src/components/UserSettings/user-settings-query.gql.ts
2	0	walter-client/src/pages/CallflowEditorPage/call-flow-query.gql.tsx

--f656a42e--2021-06-18--Devin Liu
1	4	walter-client/src/components/Chat/Callflow/VerticalScroll.tsx
1	1	walter-client/src/components/Chat/Callflow/Widgets/Behavior.tsx

--47b85a02--2021-06-18--Devin Liu
0	34	walter-client/src/components/Chat/Callflow/FlowBar/flowbar.css
0	2	walter-client/src/components/Chat/Callflow/Widgets/SelectionWidget.tsx

--b93991e9--2021-06-17--Devin Liu
6	25	walter-client/src/components/Chat/Callflow/Widgets/SelectionWidget.tsx

--8df20ef1--2021-06-17--Devin Liu
63	23	walter-client/src/components/Chat/Callflow/Widgets/SelectionWidget.tsx
1	0	walter-client/src/components/Chat/Callflow/Widgets/TitleWrapper.tsx

--2e2b9441--2021-06-17--Devin Liu
18	4	walter-client/src/components/Chat/Callflow/StageRenderer.tsx
0	1	walter-client/src/components/Chat/Callflow/VerticalScroll.tsx
9	35	walter-client/src/components/Chat/Callflow/Widgets/Behavior.tsx
22	3	walter-client/src/components/Chat/Callflow/Widgets/TitleWrapper.tsx

--075626bf--2021-06-17--Devin Liu
8	42	walter-client/src/components/Chat/Callflow/StageRenderer.tsx
6	1	walter-client/src/components/Chat/Callflow/VerticalScroll.tsx
5	23	walter-client/src/components/Chat/Callflow/Widgets/Behavior.tsx
2	4	walter-client/src/components/Chat/Callflow/Widgets/TitleWrapper.tsx

--ea0736b8--2021-06-16--Devin Liu
0	1	walter-client/src/components/Chat/Callflow/Callflow.tsx
20	1	walter-client/src/components/Chat/Callflow/FlowBar/FlowBar.tsx
45	21	walter-client/src/components/Chat/Callflow/FlowBar/flowbar.css
0	1	walter-client/src/components/Chat/Callflow/VerticalScroll.tsx

--3f467378--2021-06-16--Devin Liu
2	2	walter-client/src/components/Notes/BehaviorNote.tsx
11	1	walter-client/src/components/Transcript/TranscriptMessage.tsx

--8beeafd9--2021-06-16--Devin Liu
2	2	walter-client/src/components/EndCallButton/EndCallButton.tsx
10	5	walter-client/src/components/Transcript/TranscriptMessage.tsx

--38c4a4a2--2021-06-16--Devin Liu
23	2	walter-client/src/components/EndCallButton/EndCallButton.tsx

--d71c780a--2021-06-18--Andrew Li
88	129	models/actions/intents_server.py
16	0	walter-server/walter_tornado/database.py

--1e9fc47e--2021-06-17--Devin Liu
7	4	walter-client/src/components/DispositionConfirmation/DispositionConfirmation.tsx
1	1	walter-client/src/components/DispositionConfirmation/View.tsx
2	1	walter-client/src/tracking/track-voice-event-types.ts

--fea5514b--2021-06-17--Devin Liu
8	0	walter-client/src/components/DispositionConfirmation/DispositionConfirmation.tsx
8	2	walter-client/src/tracking/track-voice-event-types.ts

--cc240379--2021-06-17--Devin Liu
7	1	walter-client/src/components/DispositionConfirmation/DispositionConfirmation.tsx
7	0	walter-client/src/tracking/track-voice-event-types.ts

--7b60a2d0--2021-06-17--Devin Liu
5	28	walter-client/callflows/walter-dev.html

--03e70f9b--2021-06-16--Andrew Li
17	2	integrations/event-broker/event_broker/connectors/hoducc_webconnector.py

--a2571281--2021-06-15--Andrew Li
0	11	windows/electron_app/configuration/holidayinn.json

--a6d39664--2021-06-15--Devin Liu
5	0	db/migrations/metadata/tables.yaml
6	0	db/migrations/migrations/1623790509451_add_agent_callflow_preview/down.sql
10	0	db/migrations/migrations/1623790509451_add_agent_callflow_preview/up.sql

--1c044a40--2021-06-15--Devin Liu
0	11	walter-client/netlify.toml

--6499a624--2021-06-15--Devin Liu
11	0	walter-client/netlify.toml

--258160e5--2021-06-14--Devin Liu
2	7	walter-client/src/components/Chat/Hints/Hints.tsx

--aeac90de--2021-06-14--Devin Liu
36	28	walter-client/src/components/Chat/Hints/Hints.tsx

--07f1f029--2021-06-11--Devin Liu
1	0	walter-client/src/components/Chat/AgentUX.tsx
27	20	walter-client/src/components/Chat/Hints/Hints.tsx
13	11	walter-client/src/components/Transcript/TranscriptMessage.tsx

--010a33d5--2021-06-11--Devin Liu
1	0	walter-client/src/UsedWidgetsProvider/latest-widget-subscription.gql.ts

--de9f2bc0--2021-06-11--Devin Liu
3	25	walter-client/src/UsedWidgetsProvider/UsedWidgetsProvider.tsx
1	3	walter-client/src/components/Chat/AgentUX.tsx
0	9	walter-client/src/components/Chat/AgentUXWrapper.tsx
0	2	walter-client/src/components/Chat/Callflow/Callflow.tsx
0	28	walter-client/src/components/Chat/Hints/HintWidget.tsx
19	17	walter-client/src/components/Chat/Hints/Hints.tsx
0	3	walter-client/src/components/Chat/NotesOrTranscript.tsx
1	21	walter-client/src/components/Chat/queries/insert-used-widgets-mutation.gql.tsx
0	61	walter-client/src/components/Chat/queries/used-widgets-subscription.gql.ts
0	2	walter-client/src/components/Notes/Notes.tsx
1	1	walter-client/src/components/Notes/update-used-widgets-mutation.gql.tsx

--ee4b1cf1--2021-06-11--Devin Liu
13	9	walter-client/src/UsedWidgetsProvider/UsedWidgetsProvider.tsx
14	5	walter-client/src/UsedWidgetsProvider/latest-widget-subscription.gql.ts
0	60	walter-client/src/UsedWidgetsProvider/used-widgets-query.gql.ts

--84a54684--2021-06-11--Devin Liu
84	0	walter-client/src/UsedWidgetsProvider/UsedWidgetsProvider.tsx
1	0	walter-client/src/UsedWidgetsProvider/index.tsx
36	0	walter-client/src/UsedWidgetsProvider/latest-widget-subscription.gql.ts
60	0	walter-client/src/UsedWidgetsProvider/used-widgets-query.gql.ts
0	1	walter-client/src/components/Chat/AgentUX.tsx
221	258	walter-client/src/components/Chat/AgentUXWrapper.tsx
0	5	walter-client/src/components/Chat/Callflow/Callflow.tsx
0	4	walter-client/src/components/Chat/Callflow/StageRenderer.tsx
0	11	walter-client/src/components/Chat/Callflow/VerticalScroll.tsx
0	142	walter-client/src/components/Chat/Callflow/Widgets/BehaviorIntent.tsx
142	0	walter-client/src/components/Chat/Callflow/Widgets/BehaviorWidget.tsx
1	6	walter-client/src/components/Chat/Callflow/Widgets/SelectionWidget.tsx
0	1	walter-client/src/components/Chat/queries/used-widgets-subscription.gql.ts
1	1	walter-client/src/components/Chat/queries/widget-templates-query.gql.ts

--fb97902e--2021-06-14--Devin Liu
10	2	db/migrations/metadata/tables.yaml

--085d2b76--2021-06-14--Devin Liu
4	0	db/migrations/migrations/1623707338661_call_flow_nickname/down.sql
4	0	db/migrations/migrations/1623707338661_call_flow_nickname/up.sql

--53f11f4d--2021-06-14--Andrew Li
1	1	windows/electron_app/configuration/prod/holidayinn.json

--f49a2a6e--2021-06-14--Devin Liu
0	4	db/migrations/migrations/1623707338661_call_flow_nickname/down.sql
0	4	db/migrations/migrations/1623707338661_call_flow_nickname/up.sql

--e2c7d487--2021-06-14--Devin Liu
4	0	db/migrations/migrations/1623707338661_call_flow_nickname/down.sql
4	0	db/migrations/migrations/1623707338661_call_flow_nickname/up.sql

--e536afbd--2021-06-11--Andrew Li
18	8	windows/electron_app/build.py
0	11	windows/electron_app/configuration/credit-pros.json
0	11	windows/electron_app/configuration/demo.json
0	11	windows/electron_app/configuration/dogfood.json
0	11	windows/electron_app/configuration/earthlink.json
0	11	windows/electron_app/configuration/homepoint.json
0	11	windows/electron_app/configuration/keeptruckin.json
1	3	windows/electron_app/configuration/platform-config.json
12	0	windows/electron_app/configuration/prod/credit-pros.json
12	0	windows/electron_app/configuration/prod/demo.json
12	0	windows/electron_app/configuration/prod/dogfood.json
12	0	windows/electron_app/configuration/prod/earthlink.json
12	0	windows/electron_app/configuration/prod/holidayinn.json
12	0	windows/electron_app/configuration/prod/homepoint.json
12	0	windows/electron_app/configuration/prod/keeptruckin.json
15	0	windows/electron_app/configuration/prod/sleepnumber.json
6	0	windows/electron_app/configuration/prod/sleepnumber/platform-config.json
0	14	windows/electron_app/configuration/sleepnumber.json
0	6	windows/electron_app/configuration/sleepnumber/platform-config.json
0	11	windows/electron_app/configuration/staging.json
12	0	windows/electron_app/configuration/staging/credit-pros.json
12	0	windows/electron_app/configuration/staging/earthlink.json
12	0	windows/electron_app/configuration/staging/walter-dev.json
2	2	windows/electron_app/package-template.json

--daa96c38--2021-06-11--devin-liu
6	5	walter-client/packages/ai-director/src/components/ActiveIntentsProvider/get-intents-and-examples.gql.ts
14	0	walter-client/packages/ai-director/src/components/BehaviorLabelList/BehaviorLabelList.tsx
38	0	walter-client/packages/ai-director/src/components/BehaviorLabelList/BehaviorLabelProgress.tsx
43	0	walter-client/packages/ai-director/src/components/BehaviorLabelList/ExampleInfoWrapper.tsx
46	0	walter-client/packages/ai-director/src/components/BehaviorLabelList/IntentExampleList.tsx
36	0	walter-client/packages/ai-director/src/components/BehaviorLabelList/View.tsx
1	0	walter-client/packages/ai-director/src/components/BehaviorLabelList/index.tsx
2	0	walter-client/packages/ai-director/src/pages/ConversationDetailRouter.tsx
3	1	walter-client/packages/ai-director/src/pages/ConversationView/MessageArea/View.tsx
26	22	walter-client/src/pages/CallflowEditorPage/CallflowDocumentEditor.tsx
35	17	walter-client/src/pages/CallflowEditorPage/CallflowEditorPage.tsx
9	2	walter-client/src/pages/CallflowEditorPage/insert-callflow-mutation.gql.tsx

--70cfa3ea--2021-06-10--Tim Shi
61	19	bin/good-intent/text_predict.py

--bea7b2f9--2021-06-10--Tim Shi
4	1	walter-client/src/components/Chat/Callflow/VerticalScroll.tsx

--f0fc3318--2021-06-10--William Bryk
1	1	docker-compose.sh
3	3	walter-client/packages/ai-director/src/pages/AgentProgression/AgentProgression.tsx
5	1	walter-client/packages/ai-director/src/pages/AgentProgression/BehaviorHeatMap/ProgressionHeatMapContainer.tsx
81	131	walter-client/packages/ai-director/src/pages/AgentProgression/ChatFiltersPicker.tsx
57	0	walter-client/packages/ai-director/src/pages/AgentProgression/ComplianceLevelBar.tsx
5	1	walter-client/packages/ai-director/src/pages/AgentProgression/ExportAgentProgressionToCSV.tsx
11	1	walter-client/packages/ai-director/src/pages/AgentProgression/HeatMap/XLabels.tsx

--52c19fff--2021-06-09--Devin Liu
5	1	walter-client/packages/ai-director/src/components/AudioPlayer/AudioTranscript.tsx

--52b6a15b--2021-06-09--Devin Liu
3	0	walter-client/packages/ai-director/src/components/IntentExampleFastAddMenu/FastAddMenu.tsx
6	1	walter-client/packages/ai-director/src/components/IntentExampleFastAddMenu/IntentExampleFastAddMenu.tsx
1	0	walter-client/packages/ai-director/src/components/IntentExampleFastAddMenu/insert-intent-examples.gql.ts

--92f54f98--2021-06-09--Devin Liu
1	1	walter-client/packages/ai-director/src/components/ActiveIntentsProvider/get-intents-and-examples.gql.ts
5	1	walter-client/packages/ai-director/src/components/IntentSearch/get-active-intents.gql.ts
1	1	walter-client/src/pages/CallflowEditorPage/get-active-intents.gql.ts

--bd2f8be1--2021-06-09--devin-liu
1	6	walter-client/packages/ai-director/src/components/ActiveIntentsProvider/ActiveIntentsProvider.tsx
10	9	walter-client/packages/ai-director/src/components/ActiveIntentsProvider/get-intents-and-examples.gql.ts
7	3	walter-client/packages/ai-director/src/components/NewBehaviorLabelSelector/NewBehaviorLabelSelector.tsx
23	1	walter-client/packages/ai-director/src/pages/VisualCallFlowEditor/ChecklistWidgetWrapper.tsx
25	23	walter-client/src/pages/CallflowEditorPage/CallFlowBackendConnector.tsx

--f6cc61c0--2021-06-09--Andrew Li
11	0	windows/electron_app/configuration/holidayinn.json

--0c6228e2--2021-06-09--Ken Oetzel
1	1	windows/electron_app/package-template.json

--ac0ed917--2021-06-09--liquidair
1	1	windows/electron_app/configuration/homepoint.json
1	2	windows/electron_app/src/event_server.ts
1	1	windows/electron_app/status_page/connect_fail.js
5	5	windows/electron_app/status_page/status.js

--30a9d390--2021-06-08--Devin Liu
24	4	walter-client/packages/ai-director/src/components/IntentExampleFastAddMenu/FastAddMenu.tsx
1	1	walter-client/packages/ai-director/src/components/NewBehaviorLabelSelector/NewBehaviorLabelSelector.tsx

--e325a9fd--2021-06-08--Devin Liu
19	16	walter-client/packages/ai-director/src/components/IntentExampleFastAddMenu/FastAddMenu.tsx

--8ddf9505--2021-06-08--Devin Liu
1	0	walter-client/packages/ai-director/src/components/IntentExampleFastAddMenu/FastAddMenu.tsx
1	1	walter-client/packages/ai-director/src/components/NewBehaviorLabelSelector/NewBehaviorLabelSelector.tsx

--92ed0e4b--2021-06-08--Devin Liu
28	13	walter-client/packages/ai-director/src/components/IntentExampleFastAddMenu/FastAddMenu.tsx
2	2	walter-client/packages/ai-director/src/components/NewBehaviorLabelSelector/NewBehaviorLabelSelector.tsx

--fc55760c--2021-06-09--liquidair
39	11	integrations/cisco-cti/src/cti-messages.ts
0	5	integrations/cisco-cti/src/cti-session.ts
2	1	integrations/cisco-cti/src/cti-test.ts
2	1	windows/electron_app/configuration/credit-pros.json
2	1	windows/electron_app/configuration/demo.json
2	1	windows/electron_app/configuration/dogfood.json
2	1	windows/electron_app/configuration/earthlink.json
2	1	windows/electron_app/configuration/homepoint.json
2	1	windows/electron_app/configuration/keeptruckin.json
3	0	windows/electron_app/configuration/platform-config.json
2	1	windows/electron_app/configuration/sleepnumber.json
6	0	windows/electron_app/configuration/sleepnumber/platform-config.json
2	1	windows/electron_app/configuration/staging.json
5	1	windows/electron_app/package-template.json
29	7	windows/electron_app/src/cti-events.ts
17	3	windows/electron_app/src/event_server.ts
1	1	windows/electron_app/src/preload.ts

--5fa5ca28--2021-06-08--Devin Liu
1	1	walter-client/packages/ai-director/src/components/ActiveIntentsProvider/get-intents-and-examples.gql.ts

--ad74c4c8--2021-06-08--Devin Liu
1	1	walter-client/packages/ai-director/src/pages/VisualCallFlowEditor/MultiSelect.tsx
5	3	walter-client/packages/ai-director/src/pages/VisualCallFlowEditor/RouteWhitelist.tsx

--e6a521b4--2021-06-07--Devin Liu
1	1	walter-client/packages/ai-director/src/components/ActiveIntentsProvider/ActiveIntentsProvider.tsx

--9b93f156--2021-06-07--Devin Liu
26	0	walter-client/packages/ai-director/src/components/ActiveBehaviorsProvider/active-behaviors.gql.ts
35	0	walter-client/packages/ai-director/src/components/ActiveBehaviorsProvider/index.tsx
2	0	walter-client/packages/ai-director/src/components/ActiveIntentsProvider/get-intents-and-examples.gql.ts
1	1	walter-client/packages/ai-director/src/pages/AgentProgression/queries/agent-behaviors.gql.ts
10	7	walter-client/packages/ai-director/src/pages/VisualCallFlowEditor/ContainerState.tsx
2	5	walter-client/packages/ai-director/src/pages/VisualCallFlowEditor/DragAndDropBoard.tsx
3	0	walter-client/packages/ai-director/src/pages/VisualCallFlowEditor/MultiSelect.tsx
112	12	walter-client/packages/ai-director/src/pages/VisualCallFlowEditor/PublishButton.tsx
3	1	walter-client/packages/ai-director/src/pages/VisualCallFlowEditor/RouteWhitelist.tsx
3	0	walter-client/packages/ai-director/src/pages/VisualCallFlowEditor/WidgetTextAreaInput.tsx
51	0	walter-client/packages/ai-director/src/pages/VisualCallFlowEditor/insert-behaviors-for-callflow.gql.ts

--162caaa4--2021-06-07--Devin Liu
7	6	walter-client/packages/ai-director/src/components/ActiveIntentsProvider/ActiveIntentsProvider.tsx
35	0	walter-client/packages/ai-director/src/components/ActiveIntentsProvider/get-intents-and-examples.gql.ts
2	2	walter-client/packages/ai-director/src/components/NewBehaviorLabelSelector/NewBehaviorLabelSelector.tsx
2	1	walter-client/packages/ai-director/src/pages/VisualCallFlowEditor/RouteWhitelist.tsx
5	0	walter-client/src/pages/CallflowEditorPage/CallflowDocumentEditor.tsx

--f573928f--2021-06-02--William Bryk
11	2	cronjobs/AgentProgression/src/uploadSDXForCreditPros.ts

--14862c4f--2021-06-02--William Bryk
163	0	cronjobs/AgentProgression/src/uploadSDXForCreditPros.ts

--d266d480--2021-06-08--Devin Liu
5	2	walter-client/packages/ai-director/src/components/AudioPlayer/BehaviorFooter.tsx

--ed4387e7--2021-06-07--Devin Liu
21	4	walter-client/packages/ai-director/src/components/AudioPlayer/BehaviorFooter.tsx
0	1	walter-client/packages/ai-director/src/components/IntentExampleFastAddMenu/ConfirmButton.tsx
9	2	walter-client/packages/ai-director/src/components/IntentExampleFastAddMenu/FastAddMenu.tsx
21	4	walter-client/packages/ai-director/src/components/IntentExampleFastAddMenu/IntentExampleFastAddMenu.tsx

--aef0af63--2021-06-07--Devin Liu
21	0	walter-client/packages/ai-director/src/components/IntentExampleFastAddMenu/CancelButton.tsx
5	3	walter-client/packages/ai-director/src/components/IntentExampleFastAddMenu/ConfirmButton.tsx
14	10	walter-client/packages/ai-director/src/components/IntentExampleFastAddMenu/FastAddMenu.tsx
5	5	walter-client/packages/ai-director/src/components/IntentExampleFastAddMenu/IntentExampleFastAddMenu.tsx
3	1	walter-client/packages/ai-director/src/components/NewBehaviorLabelSelector/NewBehaviorLabelSelector.tsx

--b3f6892c--2021-06-07--Devin Liu
102	118	walter-client/callflows/earthlink-update.html

--d47c86e2--2021-06-04--Devin Liu
2	1	walter-client/packages/ai-director/src/components/IntentDrawer/DrawerContent.tsx
3	0	walter-client/packages/ai-director/src/pages/MomentsPage/View.tsx
3	2	walter-client/packages/ai-director/src/pages/VisualCallFlowEditor/ChecklistWidgetWrapper.tsx
4	1	walter-client/packages/ai-director/src/pages/VisualCallFlowEditor/PublishButton.tsx
8	3	walter-client/packages/ai-director/src/utils/table-sorter-functions.ts

--f85bfae8--2021-06-04--Devin Liu
7	1	walter-client/packages/ai-director/src/components/IntentExampleFastAddMenu/FastAddMenu.tsx
2	1	walter-client/packages/ai-director/src/components/NewBehaviorLabelSelector/NewBehaviorLabelSelector.tsx

--b712cec7--2021-06-04--devin-liu
280	0	walter-client/callflows/earthlink-update.html
1	5	walter-client/callflows/earthlink.html
15	5	walter-client/callflows/walter-dev.html
1	0	walter-client/package.json
28	0	walter-client/packages/ai-director/src/components/ActiveMomentsProvider/active-moments.gql.ts
54	0	walter-client/packages/ai-director/src/components/ActiveMomentsProvider/index.tsx
52	0	walter-client/packages/ai-director/src/components/NewMomentSelector/NewMomentSelector.tsx
1	0	walter-client/packages/ai-director/src/components/NewMomentSelector/index.tsx
53	0	walter-client/packages/ai-director/src/pages/VisualCallFlowEditor/ActiveRoutesState.tsx
0	1	walter-client/packages/ai-director/src/pages/VisualCallFlowEditor/CallFlowSelector.tsx
97	0	walter-client/packages/ai-director/src/pages/VisualCallFlowEditor/ChecklistWidgetWrapper.tsx
12	3	walter-client/packages/ai-director/src/pages/VisualCallFlowEditor/ContainerState.tsx
20	7	walter-client/packages/ai-director/src/pages/VisualCallFlowEditor/DragAndDropBoard.tsx
46	0	walter-client/packages/ai-director/src/pages/VisualCallFlowEditor/MultiSelect.tsx
31	9	walter-client/packages/ai-director/src/pages/VisualCallFlowEditor/PreviewPage.tsx
50	1	walter-client/packages/ai-director/src/pages/VisualCallFlowEditor/PreviousCallflowParser.tsx
180	24	walter-client/packages/ai-director/src/pages/VisualCallFlowEditor/PublishButton.tsx
232	0	walter-client/packages/ai-director/src/pages/VisualCallFlowEditor/RouteWhitelist.tsx
22	0	walter-client/packages/ai-director/src/pages/VisualCallFlowEditor/RouteWhitelistSelect.tsx
85	0	walter-client/packages/ai-director/src/pages/VisualCallFlowEditor/SelectionWidgetPreview.tsx
100	0	walter-client/packages/ai-director/src/pages/VisualCallFlowEditor/SelectionWidgetWrapper.tsx
32	0	walter-client/packages/ai-director/src/pages/VisualCallFlowEditor/StageListState.tsx
2	0	walter-client/packages/ai-director/src/pages/VisualCallFlowEditor/VisualCallFlowEditor.tsx
11	3	walter-client/packages/ai-director/src/pages/VisualCallFlowEditor/WidgetTemplateRouter.tsx
37	0	walter-client/packages/ai-director/src/pages/VisualCallFlowEditor/WidgetTextAreaInput.tsx
43	0	walter-client/packages/ai-director/src/pages/VisualCallFlowEditor/WidgetTextFieldEditor.tsx
0	112	walter-client/packages/ai-director/src/pages/VisualCallFlowEditor/WidgetWrapper.tsx
40	12	walter-client/packages/ai-director/src/pages/VisualCallFlowEditor/WidgetWrapperPreview.tsx
1	2	walter-client/packages/ai-director/src/pages/VisualCallFlowEditor/insert-callflow-mutation.gql.ts
28	0	walter-client/packages/ai-director/src/pages/VisualCallFlowEditor/insert-moment-mutation.gql.ts

--5f15cd71--2021-06-04--liquidair
1	1	windows/electron_app/configuration/sleepnumber.json
4	3	windows/electron_app/package.json
27	2	windows/electron_app/src/event_server.ts
4	0	windows/electron_app/src/main.ts
23	47	windows/electron_app/src/preload.ts
3	0	windows/electron_app/src/types.ts
28	0	windows/electron_app/status_page/status.css
1	3	windows/electron_app/status_page/status.html
4	2	windows/electron_app/status_page/status.js

--f88e0e87--2021-06-03--devin-liu
12	2	walter-client/packages/ai-director/src/App.tsx
1	1	walter-client/packages/ai-director/src/components/IntentExampleFastAddMenu/IntentExampleFastAddMenu.tsx
13	4	walter-client/packages/ai-director/src/components/Visible/index.tsx
4	1	walter-client/packages/ai-director/src/pages/VisualCallFlowEditor/PublishButton.tsx

--d0f6e349--2021-06-03--devin-liu
45	20	db/utils/seed-data.js
1	1	walter-client/packages/ai-director/src/App.tsx
39	0	walter-client/packages/ai-director/src/components/ActiveIntentsProvider/ActiveIntentsProvider.tsx
1	0	walter-client/packages/ai-director/src/components/ActiveIntentsProvider/index.tsx
9	2	walter-client/packages/ai-director/src/components/AudioPlayer/AudioMessage.tsx
6	13	walter-client/packages/ai-director/src/components/AudioPlayer/AudioMessageText.tsx
6	2	walter-client/packages/ai-director/src/components/AudioPlayer/AudioTranscript.tsx
25	0	walter-client/packages/ai-director/src/components/AudioPlayer/BehaviorFooter.tsx
117	0	walter-client/packages/ai-director/src/components/IntentExampleFastAddMenu/ConfirmButton.tsx
205	0	walter-client/packages/ai-director/src/components/IntentExampleFastAddMenu/FastAddMenu.tsx
30	0	walter-client/packages/ai-director/src/components/IntentExampleFastAddMenu/IntentExampleFastAddMenu.tsx
1	0	walter-client/packages/ai-director/src/components/IntentExampleFastAddMenu/index.tsx
40	0	walter-client/packages/ai-director/src/components/IntentExampleFastAddMenu/insert-intent-examples.gql.ts
60	0	walter-client/packages/ai-director/src/components/IntentExampleFastAddMenu/insert-intents.gql.ts
2	0	walter-client/packages/ai-director/src/components/IntentSearch/get-active-intents.gql.ts
62	0	walter-client/packages/ai-director/src/components/NewBehaviorLabelSelector/NewBehaviorLabelSelector.tsx
13	2	walter-client/packages/ai-director/src/components/Visible/index.tsx
0	38	walter-client/packages/ai-director/src/pages/VisualCallFlowEditor/ActiveIntentsState.tsx
2	0	walter-client/packages/ai-director/src/pages/VisualCallFlowEditor/CallFlowSelector.tsx
4	4	walter-client/packages/ai-director/src/pages/VisualCallFlowEditor/CallFlowsState.tsx
1	1	walter-client/packages/ai-director/src/pages/VisualCallFlowEditor/ContainerState.tsx
0	45	walter-client/packages/ai-director/src/pages/VisualCallFlowEditor/NewMomentSelector.tsx
16	7	walter-client/packages/ai-director/src/pages/VisualCallFlowEditor/PublishButton.tsx
2	3	walter-client/packages/ai-director/src/pages/VisualCallFlowEditor/WidgetWrapper.tsx
3	3	walter-client/packages/ai-director/src/pages/VisualCallFlowEditor/insert-callflow-mutation.gql.ts
6	2	walter-client/src/Routes.tsx

--8e04b3a7--2021-06-01--Andrew Li
31	1	.circleci/config.yml
8	0	integrations/amazon-connect/Dockerfile
26	0	integrations/amazon-connect/Makefile
157	0	integrations/amazon-connect/amazon_kinesis.py
14	0	integrations/amazon-connect/requirements.txt
0	107	walter-server/walter_tornado/amazon_kinesis.py
1	16	walter-server/walter_tornado/server.py
0	11	walter-server/walter_tornado/voice_session.py

--8b6ef819--2021-06-01--William Bryk
1	1	cronjobs/AgentProgression/package.json

--6885fbbd--2021-06-01--devin-liu
8	0	db/migrations/console.js
29	0	walter-client/callflows/exampleexport.html
19	0	walter-client/callflows/walter-dev.html
2	0	walter-client/package.json
4	0	walter-client/packages/ai-director/package.json
6	0	walter-client/packages/ai-director/src/App.tsx
8	8	walter-client/packages/ai-director/src/NavMenu.tsx
3	0	walter-client/packages/ai-director/src/assets/plus-icon.svg
3	0	walter-client/packages/ai-director/src/assets/trash.svg
7	1	walter-client/packages/ai-director/src/pages/Header/View.tsx
38	0	walter-client/packages/ai-director/src/pages/VisualCallFlowEditor/ActiveIntentsState.tsx
73	0	walter-client/packages/ai-director/src/pages/VisualCallFlowEditor/CallFlowSelector.tsx
80	0	walter-client/packages/ai-director/src/pages/VisualCallFlowEditor/CallFlowsState.tsx
17	0	walter-client/packages/ai-director/src/pages/VisualCallFlowEditor/ContainerState.tsx
287	0	walter-client/packages/ai-director/src/pages/VisualCallFlowEditor/DragAndDropBoard.tsx
45	0	walter-client/packages/ai-director/src/pages/VisualCallFlowEditor/NewMomentSelector.tsx
154	0	walter-client/packages/ai-director/src/pages/VisualCallFlowEditor/PreviewPage.tsx
109	0	walter-client/packages/ai-director/src/pages/VisualCallFlowEditor/PreviousCallflowParser.tsx
122	0	walter-client/packages/ai-director/src/pages/VisualCallFlowEditor/PublishButton.tsx
89	0	walter-client/packages/ai-director/src/pages/VisualCallFlowEditor/StageWrapper.tsx
74	0	walter-client/packages/ai-director/src/pages/VisualCallFlowEditor/TitleWrapper.tsx
21	0	walter-client/packages/ai-director/src/pages/VisualCallFlowEditor/TrashWidgetButton.tsx
16	0	walter-client/packages/ai-director/src/pages/VisualCallFlowEditor/UnsupportedWidgetWrapper.tsx
29	0	walter-client/packages/ai-director/src/pages/VisualCallFlowEditor/VisualCallFlowEditor.tsx
74	0	walter-client/packages/ai-director/src/pages/VisualCallFlowEditor/WidgetTemplateRouter.tsx
30	0	walter-client/packages/ai-director/src/pages/VisualCallFlowEditor/WidgetTemplateWrapper.tsx
113	0	walter-client/packages/ai-director/src/pages/VisualCallFlowEditor/WidgetWrapper.tsx
68	0	walter-client/packages/ai-director/src/pages/VisualCallFlowEditor/WidgetWrapperPreview.tsx
28	0	walter-client/packages/ai-director/src/pages/VisualCallFlowEditor/call-flow-query.gql.ts
1	0	walter-client/packages/ai-director/src/pages/VisualCallFlowEditor/index.tsx
26	0	walter-client/packages/ai-director/src/pages/VisualCallFlowEditor/insert-callflow-mutation.gql.ts
0	34	walter-client/packages/ai-director/src/type-declarations/react-html-parser.d.ts
76	3	walter-client/yarn.lock

--c09811c0--2021-06-01--William Bryk
21	0	.circleci/config.yml
11	0	cronjobs/AgentProgression/Dockerfile
27	0	cronjobs/AgentProgression/Makefile
12	0	cronjobs/AgentProgression/README.md
5	3	cronjobs/AgentProgression/package.json
9	15	cronjobs/AgentProgression/src/populateShouldDoBehavior.ts
18	8	cronjobs/AgentProgression/src/utils.ts
66	0	cronjobs/AgentProgression/tsconfig.json
141	0	cronjobs/AgentProgression/yarn.lock
0	12	cronjobs/README.md
0	25	cronjobs/upload-should-do-x-prod.sh
0	25	cronjobs/upload-should-do-x-staging.sh
19	0	docker-compose.yml

--61d5f2b4--2021-05-27--devin-liu
3	1	walter-client/src/components/DispositionConfirmation/View.tsx

--ce6c0ec9--2021-05-27--Devin Liu
0	1	walter-client/src/components/DispositionConfirmation/View.tsx

--a2a1dd6c--2021-05-27--Devin Liu
1	0	walter-client/src/components/DispositionConfirmation/View.tsx

--b160829e--2021-05-26--Andrew Li
3	1	integrations/event-broker/event_broker/connectors/hoducc_webconnector.py
7	2	integrations/event-broker/event_broker/publishers/redis_publisher.py

--ddc2f69b--2021-05-26--Andrew Li
39	34	walter-client/src/Routes.tsx
7	12	walter-client/src/components/Chat/Chat.tsx
41	29	walter-client/src/pages/AgentPerformanceMetrics/AgentPerformanceMetricsView.tsx

--22d22c84--2021-05-26--devin-liu
1	1	walter-client/packages/ai-director/src/pages/ClosedConversationDetails/ChatList/View.tsx
3	1	walter-client/packages/ai-director/src/pages/ConversationDetailRouter.tsx
1	0	walter-client/packages/ai-director/src/pages/ConversationDetails/ChatList/ChatCard.tsx
29	3	walter-client/packages/ai-director/src/pages/ConversationDetails/ChatList/ChatList.tsx
1	0	walter-client/packages/ai-director/src/pages/ConversationDetails/ChatList/Container.tsx
8	0	walter-client/packages/ai-director/src/pages/ConversationDetails/ChatList/OnlineAgentsContext.tsx
1	1	walter-client/packages/ai-director/src/pages/ConversationDetails/ChatList/View.tsx
1	0	walter-client/packages/ai-director/src/pages/ConversationDetails/ChatList/live-chats.gql.tsx
5	16	walter-client/packages/uicommon/src/components/AgentAndTeamSelect/AgentAndTeamFilterProvider.tsx
22	7	walter-client/packages/uicommon/src/components/AgentAndTeamSelect/AgentAndTeamSelect.tsx
44	27	walter-client/packages/uicommon/src/components/AgentAndTeamSelect/Container.tsx
1	0	walter-client/packages/uicommon/src/components/AgentAndTeamSelect/Styled.tsx
12	11	walter-client/packages/uicommon/src/components/AgentAndTeamSelect/TeamEditModal/Container.tsx
2	2	walter-client/packages/uicommon/src/components/AgentAndTeamSelect/TeamEditModal/ExistingTeamsList.tsx
2	2	walter-client/packages/uicommon/src/components/AgentAndTeamSelect/TeamEditModal/View.tsx
12	8	walter-client/packages/uicommon/src/components/AgentAndTeamSelect/TeamEditModal/agent-teams.gql.ts
2	0	walter-client/packages/uicommon/src/components/AgentAndTeamSelect/TeamEditModal/insert-agents-into-team.gql.ts
65	60	walter-client/packages/uicommon/src/components/AgentAndTeamSelect/View.tsx
55	0	walter-client/packages/uicommon/src/components/AgentAndTeamSelect/agents-and-teams-for-select.gql.ts
0	65	walter-client/packages/uicommon/src/components/AgentAndTeamSelect/agents-and-teams.gql.ts

--81a1ef74--2021-05-26--Andrew Li
4	1	ai-agent/src/index.ts
58	47	ai-agent/src/listeners/moment-detection-listener.ts
24	0	ai-agent/src/microservices/hasura-walter/api.ts

--bf107a79--2021-05-25--devin-liu
2	1	walter-client/packages/ai-director/src/pages/UsersPage/BatchCreator.tsx
25	20	walter-client/src/netlify-functions/create-auth-user-function/create-user.ts

--44db6bf3--2021-05-25--Andrew Li
5	2	walter-client/src/netlify-functions/login-function/query-user.ts

--268d5ef2--2021-05-25--Andrew Li
6	3	ai-agent/src/intent-detection-listener.ts

--b4214afd--2021-05-25--William Bryk
9	0	walter-client/packages/ai-director/src/pages/AgentProgression/BehaviorHeatMap/ProgressionHeatMapContainer.tsx

--175d9925--2021-05-25--StevenHanbyWilliams
58	27	walter-client/packages/ai-director/src/App.tsx
51	0	walter-client/packages/ai-director/src/components/PageTracker/index.tsx
0	1	walter-client/packages/ai-director/src/pages/ConversationDetailRouter.tsx
38	0	walter-client/packages/ai-director/src/pages/ConversationView/ConversationView.tsx
49	0	walter-client/packages/ai-director/src/utils/analytics.ts
15	1	walter-client/packages/ai-director/src/utils/track-voice-event-types.ts
3	2	walter-client/src/Routes.tsx
1	1	walter-client/src/components/IdentifyCaller/Container.tsx
4	4	walter-client/src/components/IdentifyCaller/View.tsx
3	3	walter-client/src/tracking/identify.ts

--ad092955--2021-05-21--William Bryk
0	9	walter-client/packages/ai-director/src/pages/AgentProgression/BehaviorHeatMap/ProgressionHeatMapContainer.tsx

--318dec1b--2021-05-21--William Bryk
10	0	walter-client/packages/ai-director/src/pages/AgentProgression/BehaviorHeatMap/ProgressionHeatMapContainer.tsx

--b706a286--2021-05-19--liquidair
2	1	windows/electron_app/configuration/credit-pros.json
2	1	windows/electron_app/configuration/demo.json
2	1	windows/electron_app/configuration/dogfood.json
2	1	windows/electron_app/configuration/earthlink.json
2	1	windows/electron_app/configuration/homepoint.json
2	1	windows/electron_app/configuration/keeptruckin.json
2	1	windows/electron_app/configuration/sleepnumber.json
2	1	windows/electron_app/configuration/staging.json
3	2	windows/electron_app/package-template.json

--1780e4df--2021-05-18--William Bryk
4	3	walter-client/callflows/earthlink.html

--c5a5e61e--2021-05-18--William Bryk
11	3	cronjobs/AgentProgression/src/populateShouldDoBehavior.ts

--b345fc44--2021-05-17--Tim Shi
1	0	agent-progression-api/VERSION

--b5c3be76--2021-05-17--William Bryk
1	2	cronjobs/AgentProgression/src/queries.ts

--181c8853--2021-05-14--devin-liu
10	0	walter-client/packages/ai-director/src/App.tsx
7	0	walter-client/packages/ai-director/src/NavMenu.tsx
425	0	walter-client/packages/ai-director/src/pages/UsersPage/BatchCreator.tsx
20	0	walter-client/packages/ai-director/src/pages/UsersPage/agent-role-query.gql.ts
32	0	walter-client/packages/ai-director/src/pages/UsersPage/index.tsx
2	6	walter-client/packages/ai-director/tsconfig.json
95	0	walter-client/src/netlify-functions/create-auth-user-function/create-user.ts
126	0	walter-client/src/netlify-functions/create-auth-user-function/handler.ts
1	0	walter-client/src/netlify-functions/create-auth-user-function/index.ts
1	0	walter-client/src/netlify-functions/create-auth-user.ts

--c5f8e62a--2021-05-14--Andrew Li
1	0	walter-server/walter_tornado/endpoint_handlers/utils/websocket.py

--68dc25a1--2021-05-13--Andrew Li
0	60	walter-server/walter_tornado/api_utils.py
21	0	walter-server/walter_tornado/endpoint_handlers/amazon_connect.py
34	0	walter-server/walter_tornado/endpoint_handlers/audio.py
66	0	walter-server/walter_tornado/endpoint_handlers/deprecated.py
4	0	walter-server/walter_tornado/endpoint_handlers/event_loop.py
223	0	walter-server/walter_tornado/endpoint_handlers/fly_on_the_wall.py
27	0	walter-server/walter_tornado/endpoint_handlers/kb.py
1	1	walter-server/walter_tornado/endpoint_handlers/login.py
0	0	walter-server/walter_tornado/endpoint_handlers/utils/__init__.py
95	0	walter-server/walter_tornado/endpoint_handlers/utils/auth.py
43	0	walter-server/walter_tornado/endpoint_handlers/utils/user.py
80	0	walter-server/walter_tornado/endpoint_handlers/utils/websocket.py
294	0	walter-server/walter_tornado/endpoint_handlers/websocket_audio.py
10	784	walter-server/walter_tornado/server.py

--8b8d91e4--2021-05-13--devin-liu
1	0	db/migrations/migrations/1620950038714_create_agent_did_do_behavior_message_index/down.sql
1	0	db/migrations/migrations/1620950038714_create_agent_did_do_behavior_message_index/up.sql

--c069cd96--2021-05-13--devin-liu
--19a8433d--2021-05-13--devin-liu
4	5	walter-client/callflows/homepoint.html

--5df93d7a--2021-05-13--Andrew Li
1	0	db/migrations/migrations/1620938148632_add_ix_chats_user_id_created_at/down.sql
1	0	db/migrations/migrations/1620938148632_add_ix_chats_user_id_created_at/up.sql

--de43e4f5--2021-05-13--William Bryk
17	6	walter-client/callflows/credit_pros.html

--51bfbeb6--2021-05-13--William Bryk
70	14	walter-client/callflows/credit_pros.html

--0a008213--2021-05-13--Andrew Li
8	4	walter-server/walter_tornado/database.py
16	9	walter-server/walter_tornado/server.py
10	5	walter-server/walter_tornado/voice_session.py

--c0ae8f6d--2021-05-13--liquidair
22	9	windows/electron_app/src/cti-events.ts
1	0	windows/electron_app/src/main.ts
15	5	windows/electron_app/src/preload.ts

--4c9c2ffb--2021-05-13--William Bryk
38	16	agent-progression-api/database.py
0	0	agent-progression-api/run-server.sh
11	7	agent-progression-api/server.py
39	18	walter-client/packages/ai-director/src/pages/AgentProgression/BehaviorHeatMap/ProgressionHeatMapContainer.tsx
39	30	walter-client/packages/ai-director/src/pages/AgentProgression/BehaviorHeatMap/ProgressionHeatMapView.tsx
130	57	walter-client/packages/ai-director/src/pages/AgentProgression/ChatFiltersPicker.tsx
17	6	walter-client/packages/ai-director/src/pages/AgentProgression/ChatsListDrawer/ChatsListDrawer.tsx
16	4	walter-client/packages/ai-director/src/pages/AgentProgression/ExportAgentProgressionToCSV.tsx
5	6	walter-client/packages/ai-director/src/pages/AgentProgression/HeatMap/HeatMap.tsx
6	3	walter-client/packages/ai-director/src/pages/AgentProgression/HeatMap/XLabels.tsx
21	13	walter-client/packages/ai-director/src/pages/AgentProgression/TileContent/GroupTileContent.tsx
3	1	walter-client/packages/ai-director/src/pages/AgentProgression/TileContent/IndividualTileContent.tsx

--c6cbb7eb--2021-05-13--liquidair
9	0	windows/electron_app/configuration/homepoint.json

--b1ac8d4e--2021-05-12--devin-liu
5	7	walter-client/src/components/Chat/AgentUXPostCall.tsx
11	6	walter-client/src/components/Chat/AgentUXWrapper.tsx
96	0	walter-client/src/components/DispositionConfirmation/DispositionConfirmation.tsx
113	0	walter-client/src/components/DispositionConfirmation/View.tsx
30	0	walter-client/src/components/DispositionConfirmation/get-call-dispositions.gql.ts
1	0	walter-client/src/components/DispositionConfirmation/index.tsx
36	0	walter-client/src/components/DispositionConfirmation/save-call-disposition.gql.ts
6	4	walter-client/src/pages/CallflowEditorPage/get-active-intents.gql.ts

--c2b1ef4b--2021-05-12--devin-liu
68	0	db/migrations/metadata/tables.yaml

--254a481d--2021-05-12--William Bryk
1	0	Makefile
1	1	agent-progression-api/server.py
4	3	docker-compose.sh
23	0	docker-compose.yml

--c15c20a0--2021-05-12--Andrew Li
7	4	walter-server/bin/insert-user.py
15	2	walter-server/bin/utils/users.py

--c05d52ff--2021-05-12--Andrew Li
5	2	walter-server/walter_tornado/redis_client.py
1	1	walter-server/walter_tornado/server.py

--0a07547d--2021-05-12--Andrew Li
24	0	integrations/event-broker/event_broker/api_constants.py
34	41	integrations/event-broker/event_broker/connectors/event_broker.py
4	4	integrations/event-broker/event_broker/connectors/hoducc_webconnector.py
11	0	integrations/event-broker/event_broker/connectors/utils.py
3	17	integrations/event-broker/event_broker/publishers/redis_publisher.py

--9d863e6e--2021-05-12--Andrew Li
1	1	db/apply-migrations.prod.sh

--02d28c36--2021-05-11--William Bryk
1	1	agent-progression-api/requirements.txt
0	0	agent-progression-api/run-server.sh
2	2	walter-client/packages/ai-director/src/pages/AgentProgression/BehaviorHeatMap/ProgressionHeatMapContainer.tsx
39	11	walter-client/packages/ai-director/src/pages/AgentProgression/BehaviorHeatMap/ProgressionHeatMapView.tsx
0	1	walter-client/packages/ai-director/src/pages/AgentProgression/ChatsListDrawer/BehaviorConversationExampleWithModal.tsx
16	16	walter-client/packages/ai-director/src/pages/AgentProgression/HeatMap/HeatMap.tsx
13	24	walter-client/packages/ai-director/src/pages/AgentProgression/HeatMap/XLabels.tsx
11	2	walter-client/packages/ai-director/src/pages/AgentProgression/TileContent/GroupTileContent.tsx
8	2	walter-client/packages/ai-director/src/pages/AgentProgression/TileContent/IndividualTileContent.tsx

--7b05542a--2021-05-11--Devin Liu
0	58	db/migrations/metadata/tables.yaml
0	29	walter-client/src/components/DispositionConfirmation/DispositionConfirmation.tsx
0	1	walter-client/src/components/DispositionConfirmation/index.tsx
0	32	walter-client/src/components/DispositionConfirmation/save-call-disposition.gql.ts

--5ff33019--2021-05-11--Devin Liu
58	0	db/migrations/metadata/tables.yaml
29	0	walter-client/src/components/DispositionConfirmation/DispositionConfirmation.tsx
1	0	walter-client/src/components/DispositionConfirmation/index.tsx
32	0	walter-client/src/components/DispositionConfirmation/save-call-disposition.gql.ts

--0c32924f--2021-05-11--devin-liu
2	1	db/migrations/metadata/tables.yaml
1	0	db/migrations/migrations/1620695175727_alter_table_app_user_ui_settings_add_column_use_cresta_lite/down.sql
1	0	db/migrations/migrations/1620695175727_alter_table_app_user_ui_settings_add_column_use_cresta_lite/up.sql
32	62	db/utils/create-user.js
48	37	walter-client/src/components/Chat/AgentUX.tsx
12	7	walter-client/src/components/Chat/Chat.tsx
40	0	walter-client/src/components/UserSettings/Provider.tsx
36	0	walter-client/src/components/UserSettings/UserSettingsFetcher.tsx
1	0	walter-client/src/components/UserSettings/index.tsx
37	0	walter-client/src/components/UserSettings/user-settings-query.gql.ts

--1e5d0c84--2021-05-10--liquidair
23	4	walter-server/tests/test_electron_app_socket.py
1	0	walter-server/walter_tornado/database.py
27	0	walter-server/walter_tornado/server.py

--730049f2--2021-05-10--devin-liu
0	29444	walter-client/package-lock.json
13	2	walter-client/src/components/BaseTitleBar/BaseTitleBar.tsx
52	0	walter-client/src/components/Intercom/BigVersion.tsx
12	58	walter-client/src/components/Intercom/Intercom.tsx
62	0	walter-client/src/components/Intercom/SmallVersion.tsx
3	20	walter-client/src/pages/AgentPerformanceMetrics/AgentPerformanceMetricsView.tsx
1	0	walter-client/src/pages/AgentPerformanceMetrics/Styled.tsx

--4a612279--2021-05-07--William Bryk
6	1	walter-client/packages/ai-director/src/components/AudioPlayer/AudioTranscript.tsx
2	0	walter-client/packages/ai-director/src/components/LiveAudioTranscript/LiveAudioTranscript.tsx
7	1	walter-client/packages/ai-director/src/pages/AgentProgression/ChatsListDrawer/BehaviorConversationExampleWithModal.tsx
36	0	walter-client/packages/ai-director/src/pages/AgentProgression/ChatsListDrawer/ChatDDXQuery.gql.tsx
48	14	walter-client/packages/ai-director/src/pages/AgentProgression/ChatsListDrawer/ChatWithAudio.tsx
1	0	walter-client/packages/ai-director/src/pages/AgentProgression/ChatsListDrawer/ChatsListDrawer.tsx
16	5	walter-client/packages/ai-director/src/pages/ConversationView/AudioControls.tsx
2	0	walter-client/packages/ai-director/src/pages/ConversationView/MessageArea/Container.tsx
5	1	walter-client/packages/ai-director/src/pages/ConversationView/MessageArea/MessageArea.tsx
7	1	walter-client/packages/ai-director/src/pages/ConversationView/MessageArea/View.tsx

--bf8f34a7--2021-05-07--William Bryk
3	3	cronjobs/AgentProgression/src/populateShouldDoBehavior.ts
1	0	cronjobs/upload-should-do-x-prod.sh
25	0	cronjobs/upload-should-do-x-staging.sh

--63bfe22f--2021-05-07--William Bryk
0	2	walter-client/packages/ai-director/src/pages/AgentProgression/AgentProgression.tsx
0	15	walter-client/packages/ai-director/src/pages/AgentProgression/BehaviorHeatMap/ProgressionHeatMapContainer.tsx
0	2	walter-client/packages/ai-director/src/pages/AgentProgression/BehaviorHeatMap/ProgressionHeatMapView.tsx
0	1	walter-client/packages/ai-director/src/pages/AgentProgression/ChatsListDrawer/ChatsListDrawer.tsx
0	1	walter-client/packages/ai-director/src/pages/ConversationView/ChatTuneInListener.tsx
0	1	walter-client/packages/ai-director/src/pages/IntentsQAPage/AudioRecorder.tsx
0	5	walter-client/packages/ai-director/src/pages/IntentsQAPage/ColorGrid.tsx
0	3	walter-client/src/components/Chat/Callflow/StageRenderer.tsx
0	1	walter-client/src/components/Chat/Callflow/VerticalScroll.tsx
0	1	walter-client/src/components/Chat/Callflow/Widgets/TimedPrompt.tsx
0	2	walter-client/src/components/Chat/KnowledgeBase/AlgoliaSearch.tsx
0	1	walter-client/src/components/LatestVersionBanner/index.tsx
0	5	walter-client/src/netlify-functions/utils/get-hasura-url.ts

--cb3a1a99--2021-05-07--Andrew Li
1	1	ai-agent/package.json

--7124e8c1--2021-05-07--devin-liu
6	0	db/migrations/metadata/tables.yaml
1	0	db/migrations/migrations/1619799224232_create_table_app_dispositions/down.sql
17	0	db/migrations/migrations/1619799224232_create_table_app_dispositions/up.sql
1	0	db/migrations/migrations/1619799724464_create_table_app_chat_dispositions/down.sql
18	0	db/migrations/migrations/1619799724464_create_table_app_chat_dispositions/up.sql

--bfb36c03--2021-05-07--William Bryk
29444	0	walter-client/package-lock.json
1	0	walter-client/package.json
9	3	walter-client/packages/ai-director/src/pages/AgentProgression/BehaviorHeatMap/ProgressionHeatMapContainer.tsx
73	0	walter-client/packages/ai-director/src/pages/AgentProgression/ExportAgentProgressionToCSV.tsx
5	0	walter-client/yarn.lock

--ec343f76--2021-05-07--liquidair
1	0	db/migrations/metadata/tables.yaml
1	0	db/migrations/migrations/1620367998556_alter_table_app_user_agent_profiles_add_column_agent_platform_config/down.sql
1	0	db/migrations/migrations/1620367998556_alter_table_app_user_agent_profiles_add_column_agent_platform_config/up.sql

--8e05b744--2021-05-07--William Bryk
12	4	walter-client/packages/ai-director/src/App.tsx
8	0	walter-client/packages/ai-director/src/pages/AgentProgression/BehaviorHeatMap/ProgressionHeatMapContainer.tsx
52	50	walter-client/packages/ai-director/src/pages/AgentProgression/ChatsListDrawer/BehaviorConversationExampleWithModal.tsx
36	0	walter-client/packages/ai-director/src/pages/AgentProgression/ChatsListDrawer/ChatWithAudio.tsx
10	0	walter-client/packages/ai-director/src/pages/AgentProgression/ChatsListDrawer/ChatsListDrawer.tsx
1	0	walter-client/packages/ai-director/src/pages/AgentProgression/ChatsListDrawer/Styled.tsx

--1f00f2d1--2021-05-07--devin-liu
5	2	walter-client/src/Routes.tsx
3	0	walter-client/src/util/auth-data-handler.ts
1	0	walter-client/src/util/optimizely-featured-enabled.ts

--9ba37492--2021-05-06--devin-liu
4	14	db/migrations/console.js
4	1	db/package.json
29	0	db/yarn.lock
153	0	walter-client/callflows/homepoint.html
46	3	walter-client/callflows/sleepnumber.html
38	3	walter-client/packages/ai-director/src/NavMenu.tsx
183	0	walter-client/src/pages/CallflowEditorPage/BatchIntentCreator.tsx
25	6	walter-client/src/pages/CallflowEditorPage/CallFlowBackendConnector.tsx
3	2	walter-client/src/pages/CallflowEditorPage/CallflowDocumentEditor.tsx
12	8	walter-client/src/pages/CallflowEditorPage/CallflowEditorPage.tsx
1	1	walter-client/src/pages/CallflowEditorPage/get-active-intents.gql.ts
54	0	walter-client/src/pages/CallflowEditorPage/insert-callflow-intents.gql.ts

--78e29355--2021-05-05--liquidair
2	0	integrations/cisco-cti/.gitignore
315	0	integrations/cisco-cti/package-lock.json
21	0	integrations/cisco-cti/package.json
1304	0	integrations/cisco-cti/src/cti-messages.ts
37	0	integrations/cisco-cti/src/cti-parser.ts
435	0	integrations/cisco-cti/src/cti-session.ts
20	0	integrations/cisco-cti/src/cti-test.ts
23	0	integrations/cisco-cti/src/cti-util.ts
71	0	integrations/cisco-cti/tsconfig.json
68	0	integrations/cisco-cti/yarn.lock
1	0	windows/cisco_cti_monitor/.gitignore
87	0	windows/cisco_cti_monitor/package.json
53	0	windows/cisco_cti_monitor/public/index.css
18	0	windows/cisco_cti_monitor/public/index.html
1291	0	windows/cisco_cti_monitor/src/cisco-cti/cti-messages.ts
37	0	windows/cisco_cti_monitor/src/cisco-cti/cti-parser.ts
427	0	windows/cisco_cti_monitor/src/cisco-cti/cti-session.ts
16	0	windows/cisco_cti_monitor/src/cisco-cti/cti-util.ts
118	0	windows/cisco_cti_monitor/src/main.ts
33	0	windows/cisco_cti_monitor/src/preload.ts
22	0	windows/cisco_cti_monitor/tsconfig.json
6913	0	windows/cisco_cti_monitor/yarn.lock
4	1	windows/electron_app/configuration/sleepnumber.json
4	2	windows/electron_app/package-template.json
6	6	windows/electron_app/package.json
92	0	windows/electron_app/src/cti-events.ts
7	0	windows/electron_app/src/main.ts
16	0	windows/electron_app/src/preload.ts
5	0	windows/electron_app/src/types.ts
2	2	windows/electron_app/tsconfig.json
66	93	windows/electron_app/yarn.lock

--097437e0--2021-05-05--Andrew Li
10	1	walter-server/walter_tornado/server.py

--da03cb0e--2021-05-05--Andrew Li
258	0	walter-server/bin/download-homepoint-calls.py
185	106	walter-server/bin/download-tcp-calls.py
19	11	walter-server/bin/run-audio.py
14	0	walter-server/bin/utils/users.py

--f354785e--2021-05-05--William Bryk
18	6	walter-client/packages/ai-director/src/pages/IntentsQAPage/SingleIntent.tsx

--deff2a16--2021-05-04--devin-liu
72	0	db/migrations/metadata/tables.yaml
153	0	walter-client/src/pages/CallflowEditorPage/CallFlowBackendConnector.tsx
1	1	walter-client/src/pages/CallflowEditorPage/CallflowEditorPage.tsx
0	144	walter-client/src/pages/CallflowEditorPage/ServerSideUpdater.tsx
5	7	walter-client/src/pages/CallflowEditorPage/insert-behaviors-for-callflow.gql.ts

--a0545cfa--2021-05-04--Andrew Li
0	1	walter-client/packages/ai-director/src/components/CopyTranscriptButton/CopyableTranscript.tsx
6	2	walter-client/packages/ai-director/src/pages/ClosedConversationDetails/ChatList/Container.tsx
4	4	walter-client/packages/ai-director/src/pages/ClosedConversationDetails/ChatList/closed-chats.gql.tsx

--f7e47516--2021-05-04--Andrew Li
3480	3480	db/migrations/metadata/tables.yaml

--ada29a9f--2021-05-03--Andrew Li
1	1	db/apply-migrations.prod.sh

--c829f72e--2021-05-03--Andrew Li
2	2	walter-server/walter_tornado/speech_recognition/google_transcriber.py

--8675759f--2021-04-30--Andrew Li
105	50	integrations/event-broker/event_broker/publishers/redis_publisher.py

--6fc25ce8--2021-04-30--William Bryk
4	4	cronjobs/AgentProgression/src/populateShouldDoBehavior.ts
15	9	cronjobs/AgentProgression/src/queries.ts
1	1	cronjobs/upload-should-do-x-prod.sh

--e236330e--2021-04-30--William Bryk
0	24	cronjobs/AgentProgression/upload-should-do-x-prod.sh
1	1	cronjobs/README.md
24	0	cronjobs/upload-should-do-x-prod.sh

--f7dcccd1--2021-04-30--William Bryk
1	1	cronjobs/AgentProgression/upload-should-do-x-prod.sh
2	2	cronjobs/README.md

--5131740f--2021-04-30--William Bryk
24	0	cronjobs/AgentProgression/upload-should-do-x-prod.sh
7	5	cronjobs/README.md

--81a09fe2--2021-04-30--Tim Shi
19	0	walter-client/packages/ai-director/src/components/AudioPlayer/AudioMessageText.tsx
1	1	walter-client/packages/ai-director/src/components/LiveAudioTranscript/chat-messages-query.gql.ts
1	1	walter-client/packages/ai-director/src/components/LiveAudioTranscript/chat-messages.gql.ts
1	0	walter-client/packages/ai-director/src/pages/ConversationView/MessageArea/MessageArea.tsx
